<?xml version="1.0" encoding="UTF-8"?>
<testsuite name="com.soma.ai13be.discussion.controller.DiscussionControllerTest" tests="5" skipped="0" failures="0" errors="0" timestamp="2026-05-08T09:32:54.806Z" hostname="MINCom" time="0.094">
  <properties/>
  <testcase name="returnsDiscussionDetail()" classname="com.soma.ai13be.discussion.controller.DiscussionControllerTest" time="0.011"/>
  <testcase name="returnsDiscussionMessages()" classname="com.soma.ai13be.discussion.controller.DiscussionControllerTest" time="0.007"/>
  <testcase name="returnsNotFoundWhenDiscussionDoesNotExist()" classname="com.soma.ai13be.discussion.controller.DiscussionControllerTest" time="0.004"/>
  <testcase name="returnsBadRequestWhenTopicIsBlank()" classname="com.soma.ai13be.discussion.controller.DiscussionControllerTest" time="0.005"/>
  <testcase name="createsDiscussion()" classname="com.soma.ai13be.discussion.controller.DiscussionControllerTest" time="0.009"/>
  <system-out><![CDATA[2026-05-08T18:32:54.841+09:00  INFO 39196 --- [    Test worker] o.s.mock.web.MockServletContext          : Initializing Spring TestDispatcherServlet ''
2026-05-08T18:32:54.842+09:00  INFO 39196 --- [    Test worker] o.s.t.web.servlet.TestDispatcherServlet  : Initializing Servlet ''
2026-05-08T18:32:54.842+09:00  INFO 39196 --- [    Test worker] o.s.t.web.servlet.TestDispatcherServlet  : Completed initialization in 0 ms
2026-05-08T18:32:54.858+09:00  INFO 39196 --- [    Test worker] o.s.mock.web.MockServletContext          : Initializing Spring TestDispatcherServlet ''
2026-05-08T18:32:54.858+09:00  INFO 39196 --- [    Test worker] o.s.t.web.servlet.TestDispatcherServlet  : Initializing Servlet ''
2026-05-08T18:32:54.859+09:00  INFO 39196 --- [    Test worker] o.s.t.web.servlet.TestDispatcherServlet  : Completed initialization in 0 ms
2026-05-08T18:32:54.872+09:00  INFO 39196 --- [    Test worker] o.s.mock.web.MockServletContext          : Initializing Spring TestDispatcherServlet ''
2026-05-08T18:32:54.872+09:00  INFO 39196 --- [    Test worker] o.s.t.web.servlet.TestDispatcherServlet  : Initializing Servlet ''
2026-05-08T18:32:54.872+09:00  INFO 39196 --- [    Test worker] o.s.t.web.servlet.TestDispatcherServlet  : Completed initialization in 0 ms
2026-05-08T18:32:54.881+09:00  INFO 39196 --- [    Test worker] o.s.mock.web.MockServletContext          : Initializing Spring TestDispatcherServlet ''
2026-05-08T18:32:54.881+09:00  INFO 39196 --- [    Test worker] o.s.t.web.servlet.TestDispatcherServlet  : Initializing Servlet ''
2026-05-08T18:32:54.882+09:00  INFO 39196 --- [    Test worker] o.s.t.web.servlet.TestDispatcherServlet  : Completed initialization in 1 ms
2026-05-08T18:32:54.891+09:00  INFO 39196 --- [    Test worker] o.s.mock.web.MockServletContext          : Initializing Spring TestDispatcherServlet ''
2026-05-08T18:32:54.891+09:00  INFO 39196 --- [    Test worker] o.s.t.web.servlet.TestDispatcherServlet  : Initializing Servlet ''
2026-05-08T18:32:54.891+09:00  INFO 39196 --- [    Test worker] o.s.t.web.servlet.TestDispatcherServlet  : Completed initialization in 0 ms
]]></system-out>
  <system-err><![CDATA[]]></system-err>
</testsuite>
