<?xml version="1.0" encoding="UTF-8"?>
<testsuite name="com.soma.ai13be.discussion.prompt.DiscussionPromptTemplatesTest" tests="3" skipped="0" failures="0" errors="0" timestamp="2026-05-08T09:32:54.902Z" hostname="MINCom" time="0.002">
  <properties/>
  <testcase name="rebuttalPromptContainsPreviousAnalyses()" classname="com.soma.ai13be.discussion.prompt.DiscussionPromptTemplatesTest" time="0.0"/>
  <testcase name="synthesisPromptRequestsSummaryAndActionPlanSections()" classname="com.soma.ai13be.discussion.prompt.DiscussionPromptTemplatesTest" time="0.001"/>
  <testcase name="analysisPromptContainsTopicAndNodeContext()" classname="com.soma.ai13be.discussion.prompt.DiscussionPromptTemplatesTest" time="0.0"/>
  <system-out><![CDATA[]]></system-out>
  <system-err><![CDATA[]]></system-err>
</testsuite>
