<?xml version="1.0" encoding="UTF-8"?>
<testsuite name="com.soma.ai13be.knowledge.service.KnowledgeExtractionServiceTest" tests="2" skipped="0" failures="0" errors="0" timestamp="2026-05-08T09:32:56.037Z" hostname="MINCom" time="0.045">
  <properties/>
  <testcase name="extractsPersonalKnowledgeFromTextAndStoresNodesAndEdges()" classname="com.soma.ai13be.knowledge.service.KnowledgeExtractionServiceTest" time="0.042"/>
  <testcase name="returnsSuggestedDomainWithoutStoringNodeWhenNoPersonaDomainMatches()" classname="com.soma.ai13be.knowledge.service.KnowledgeExtractionServiceTest" time="0.003"/>
  <system-out><![CDATA[]]></system-out>
  <system-err><![CDATA[]]></system-err>
</testsuite>
