<?xml version="1.0" encoding="UTF-8"?>
<testsuite name="com.soma.ai13be.discussion.service.DiscussionFailureRecorderTest" tests="2" skipped="0" failures="0" errors="0" timestamp="2026-05-08T09:32:55.691Z" hostname="MINCom" time="0.051">
  <properties/>
  <testcase name="marksDiscussionAsFailed()" classname="com.soma.ai13be.discussion.service.DiscussionFailureRecorderTest" time="0.001"/>
  <testcase name="recordsFailureInRequiresNewTransaction()" classname="com.soma.ai13be.discussion.service.DiscussionFailureRecorderTest" time="0.001"/>
  <system-out><![CDATA[]]></system-out>
  <system-err><![CDATA[]]></system-err>
</testsuite>
