<?xml version="1.0" encoding="UTF-8"?>
<testsuite name="com.soma.ai13be.knowledge.service.KnowledgeContextBuilderTest" tests="4" skipped="0" failures="0" errors="0" timestamp="2026-05-08T09:32:56.031Z" hostname="MINCom" time="0.005">
  <properties/>
  <testcase name="passesPageableLimitToRepository()" classname="com.soma.ai13be.knowledge.service.KnowledgeContextBuilderTest" time="0.002"/>
  <testcase name="wrapsNodesWithInjectionGuard()" classname="com.soma.ai13be.knowledge.service.KnowledgeContextBuilderTest" time="0.001"/>
  <testcase name="returnsEmptyWhenNoNodesExist()" classname="com.soma.ai13be.knowledge.service.KnowledgeContextBuilderTest" time="0.0"/>
  <testcase name="returnsSystemMessageWithFormattedNodes()" classname="com.soma.ai13be.knowledge.service.KnowledgeContextBuilderTest" time="0.0"/>
  <system-out><![CDATA[]]></system-out>
  <system-err><![CDATA[]]></system-err>
</testsuite>
