<?xml version="1.0" encoding="UTF-8"?>
<testsuite name="com.soma.ai13be.knowledge.controller.KnowledgeGraphControllerTest" tests="2" skipped="0" failures="0" errors="0" timestamp="2026-05-08T09:32:56.010Z" hostname="MINCom" time="0.02">
  <properties/>
  <testcase name="findsOneHopGraph()" classname="com.soma.ai13be.knowledge.controller.KnowledgeGraphControllerTest" time="0.007"/>
  <testcase name="findsNodes()" classname="com.soma.ai13be.knowledge.controller.KnowledgeGraphControllerTest" time="0.004"/>
  <system-out><![CDATA[2026-05-08T18:32:56.015+09:00  INFO 39196 --- [    Test worker] o.s.mock.web.MockServletContext          : Initializing Spring TestDispatcherServlet ''
2026-05-08T18:32:56.015+09:00  INFO 39196 --- [    Test worker] o.s.t.web.servlet.TestDispatcherServlet  : Initializing Servlet ''
2026-05-08T18:32:56.015+09:00  INFO 39196 --- [    Test worker] o.s.t.web.servlet.TestDispatcherServlet  : Completed initialization in 0 ms
2026-05-08T18:32:56.026+09:00  INFO 39196 --- [    Test worker] o.s.mock.web.MockServletContext          : Initializing Spring TestDispatcherServlet ''
2026-05-08T18:32:56.026+09:00  INFO 39196 --- [    Test worker] o.s.t.web.servlet.TestDispatcherServlet  : Initializing Servlet ''
2026-05-08T18:32:56.026+09:00  INFO 39196 --- [    Test worker] o.s.t.web.servlet.TestDispatcherServlet  : Completed initialization in 0 ms
]]></system-out>
  <system-err><![CDATA[]]></system-err>
</testsuite>
