<?xml version="1.0" encoding="UTF-8"?>
<testsuite name="com.soma.ai13be.discussion.repository.DiscussionRepositoryFetchTest" tests="2" skipped="0" failures="0" errors="0" timestamp="2026-05-08T09:32:54.906Z" hostname="MINCom" time="0.784">
  <properties/>
  <testcase name="findByIdFetchesTriggerNode()" classname="com.soma.ai13be.discussion.repository.DiscussionRepositoryFetchTest" time="0.101"/>
  <testcase name="findByDiscussionOrderByCreatedAtAscIdAscFetchesPersona()" classname="com.soma.ai13be.discussion.repository.DiscussionRepositoryFetchTest" time="0.063"/>
  <system-out><![CDATA[2026-05-08T18:32:54.908+09:00  INFO 39196 --- [    Test worker] t.c.s.AnnotationConfigContextLoaderUtils : Could not detect default configuration classes for test class [com.soma.ai13be.discussion.repository.DiscussionRepositoryFetchTest]: DiscussionRepositoryFetchTest does not declare any static, non-private, non-final, nested classes annotated with @Configuration.
2026-05-08T18:32:54.928+09:00  INFO 39196 --- [    Test worker] .b.t.c.SpringBootTestContextBootstrapper : Found @SpringBootConfiguration com.soma.ai13be.Ai13BeApplication for test class com.soma.ai13be.discussion.repository.DiscussionRepositoryFetchTest
2026-05-08T18:32:54.929+09:00  INFO 39196 --- [    Test worker] t.c.s.AnnotationConfigContextLoaderUtils : Could not detect default configuration classes for test class [com.soma.ai13be.discussion.repository.DiscussionRepositoryFetchTest]: DiscussionRepositoryFetchTest does not declare any static, non-private, non-final, nested classes annotated with @Configuration.
2026-05-08T18:32:54.931+09:00  INFO 39196 --- [    Test worker] .b.t.c.SpringBootTestContextBootstrapper : Found @SpringBootConfiguration com.soma.ai13be.Ai13BeApplication for test class com.soma.ai13be.discussion.repository.DiscussionRepositoryFetchTest

  .   ____          _            __ _ _
 /\\ / ___'_ __ _ _(_)_ __  __ _ \ \ \ \
( ( )\___ | '_ | '_| | '_ \/ _` | \ \ \ \
 \\/  ___)| |_)| | | | | || (_| |  ) ) ) )
  '  |____| .__|_| |_|_| |_\__, | / / / /
 =========|_|==============|___/=/_/_/_/

 :: Spring Boot ::                (v4.0.6)

2026-05-08T18:32:54.976+09:00  INFO 39196 --- [    Test worker] c.s.a.d.r.DiscussionRepositoryFetchTest  : Starting DiscussionRepositoryFetchTest using Java 21.0.10 with PID 39196 (started by minbros in /home/minbros/projects/java/AI13-BE)
2026-05-08T18:32:54.977+09:00  INFO 39196 --- [    Test worker] c.s.a.d.r.DiscussionRepositoryFetchTest  : No active profile set, falling back to 1 default profile: "default"
2026-05-08T18:32:55.133+09:00  INFO 39196 --- [    Test worker] .s.d.r.c.RepositoryConfigurationDelegate : Bootstrapping Spring Data JPA repositories in DEFAULT mode.
2026-05-08T18:32:55.143+09:00  INFO 39196 --- [    Test worker] .s.d.r.c.RepositoryConfigurationDelegate : Finished Spring Data repository scanning in 8 ms. Found 7 JPA repository interfaces.
2026-05-08T18:32:55.212+09:00  INFO 39196 --- [    Test worker] org.hibernate.orm.jpa                    : HHH008540: Processing PersistenceUnitInfo [name: default]
2026-05-08T18:32:55.231+09:00  INFO 39196 --- [    Test worker] o.s.o.j.p.SpringPersistenceUnitInfo      : No LoadTimeWeaver setup: ignoring JPA class transformer
2026-05-08T18:32:55.231+09:00  INFO 39196 --- [    Test worker] com.zaxxer.hikari.HikariDataSource       : HikariPool-2 - Starting...
2026-05-08T18:32:55.233+09:00  INFO 39196 --- [    Test worker] com.zaxxer.hikari.pool.HikariPool        : HikariPool-2 - Added connection conn10: url=jdbc:h2:mem:ai13-test user=SA
2026-05-08T18:32:55.233+09:00  INFO 39196 --- [    Test worker] com.zaxxer.hikari.HikariDataSource       : HikariPool-2 - Start completed.
2026-05-08T18:32:55.234+09:00  INFO 39196 --- [    Test worker] org.hibernate.orm.connections.pooling    : HHH10001005: Database info:
	Database JDBC URL [jdbc:h2:mem:ai13-test]
	Database driver: H2 JDBC Driver
	Database dialect: H2Dialect
	Database version: 2.4.240
	Default catalog/schema: ai13-test/public
	Autocommit mode: undefined/unknown
	Isolation level: READ_COMMITTED [default READ_COMMITTED]
	JDBC fetch size: 100
	Pool: DataSourceConnectionProvider
	Minimum pool size: undefined/unknown
	Maximum pool size: undefined/unknown
2026-05-08T18:32:55.314+09:00  INFO 39196 --- [    Test worker] org.hibernate.orm.core                   : HHH000489: No JTA platform available (set 'hibernate.transaction.jta.platform' to enable JTA platform integration)
2026-05-08T18:32:55.343+09:00  INFO 39196 --- [    Test worker] j.LocalContainerEntityManagerFactoryBean : Initialized JPA EntityManagerFactory for persistence unit 'default'
2026-05-08T18:32:55.522+09:00  INFO 39196 --- [    Test worker] c.s.a.d.r.DiscussionRepositoryFetchTest  : Started DiscussionRepositoryFetchTest in 0.584 seconds (process running for 5.712)
2026-05-08T18:32:55.523+09:00  WARN 39196 --- [    Test worker] o.s.core.events.SpringDocAppInitializer  : SpringDoc /v3/api-docs endpoint is enabled by default. To disable it in production, set the property 'springdoc.api-docs.enabled=false'
2026-05-08T18:32:55.523+09:00  WARN 39196 --- [    Test worker] o.s.core.events.SpringDocAppInitializer  : SpringDoc /swagger-ui.html endpoint is enabled by default. To disable it in production, set the property 'springdoc.swagger-ui.enabled=false'
]]></system-out>
  <system-err><![CDATA[]]></system-err>
</testsuite>
